<?xml version="1.0" encoding="UTF-8"?>
<!-- Generated by org.testng.reporters.JUnitXMLReporter -->
<testsuite hostname="Ngous-Mac-mini.home" name="Chrome Test" tests="5" failures="0" timestamp="4 Jul 2016 21:42:36 GMT" time="0.025" errors="0">
  <testcase name="@BeforeTest openBrowser" time="0.0" classname="automationFramework.Exercise7">
    <failure type="java.lang.IllegalStateException" message="The driver executable does not exist: /Users/ngoulongkam/Documents/workspace/crhomedriver">
      <![CDATA[java.lang.IllegalStateException: The driver executable does not exist: /Users/ngoulongkam/Documents/workspace/crhomedriver
	at com.google.common.base.Preconditions.checkState(Preconditions.java:199)
	at org.openqa.selenium.remote.service.DriverService.checkExecutable(DriverService.java:121)
	at org.openqa.selenium.remote.service.DriverService.findExecutable(DriverService.java:116)
	at org.openqa.selenium.chrome.ChromeDriverService.access$0(ChromeDriverService.java:1)
	at org.openqa.selenium.chrome.ChromeDriverService$Builder.findDefaultExecutable(ChromeDriverService.java:137)
	at org.openqa.selenium.remote.service.DriverService$Builder.build(DriverService.java:296)
	at org.openqa.selenium.chrome.ChromeDriverService.createDefaultService(ChromeDriverService.java:88)
	at org.openqa.selenium.chrome.ChromeDriver.<init>(ChromeDriver.java:116)
	at automationFramework.Exercise7.openBrowser(Exercise7.java:38)
... Removed 22 stack frames]]>
    </failure>
  </testcase> <!-- @BeforeTest openBrowser -->
  <testcase name="@AfterTest finish" time="0.0" classname="automationFramework.Exercise7">
    <skipped/>
  </testcase> <!-- @AfterTest finish -->
  <testcase name="verifyHomepage" time="0.001" classname="automationFramework.Exercise7">
    <skipped/>
  </testcase> <!-- verifyHomepage -->
  <testcase name="insertLocation" time="0.002" classname="automationFramework.Exercise7">
    <skipped/>
  </testcase> <!-- insertLocation -->
  <testcase name="insertDate" time="0.001" classname="automationFramework.Exercise7">
    <skipped/>
  </testcase> <!-- insertDate -->
  <testcase name="selectSubmit" time="0.001" classname="automationFramework.Exercise7">
    <skipped/>
  </testcase> <!-- selectSubmit -->
  <testcase name="verifyPricepage" time="0.001" classname="automationFramework.Exercise7">
    <skipped/>
  </testcase> <!-- verifyPricepage -->
</testsuite> <!-- Chrome Test -->
