<!DOCTYPE html PUBLIC "-//W3C//DTD XHTML 1.1//EN" "http://www.w3.org/TR/xhtml11/DTD/xhtml11.dtd">
<html xmlns="http://www.w3.org/1999/xhtml"><head><title>TestNG Report</title><style type="text/css">table {margin-bottom:10px;border-collapse:collapse;empty-cells:show}th,td {border:1px solid #009;padding:.25em .5em}th {vertical-align:bottom}td {vertical-align:top}table a {font-weight:bold}.stripe td {background-color: #E6EBF9}.num {text-align:right}.passedodd td {background-color: #3F3}.passedeven td {background-color: #0A0}.skippedodd td {background-color: #DDD}.skippedeven td {background-color: #CCC}.failedodd td,.attn {background-color: #F33}.failedeven td,.stripe .attn {background-color: #D00}.stacktrace {white-space:pre;font-family:monospace}.totop {font-size:85%;text-align:center;border-bottom:2px solid #000}</style></head><body><table><tr><th>Test</th><th># Passed</th><th># Skipped</th><th># Failed</th><th>Time (ms)</th><th>Included Groups</th><th>Excluded Groups</th></tr><tr><th colspan="7">Parallel test suite</th></tr><tr><td><a href="#t0">Firefox Test</a></td><td class="num">0</td><td class="num">0</td><td class="num attn">5</td><td class="num">7,229</td><td></td><td></td></tr><tr class="stripe"><td><a href="#t1">Chrome Test</a></td><td class="num">0</td><td class="num attn">5</td><td class="num">0</td><td class="num">25</td><td></td><td></td></tr><tr><td><a href="#t2">safari Test</a></td><td class="num">0</td><td class="num">0</td><td class="num attn">5</td><td class="num">6,040</td><td></td><td></td></tr><tr><th>Total</th><th class="num">0</th><th class="num attn">5</th><th class="num attn">10</th><th class="num">13,294</th><th colspan="2"></th></tr></table><table><thead><tr><th>Class</th><th>Method</th><th>Start</th><th>Time (ms)</th></tr></thead><tbody><tr><th colspan="4">Parallel test suite</th></tr></tbody><tbody id="t0"><tr><th colspan="4">Firefox Test &#8212; failed</th></tr><tr class="failedeven"><td rowspan="5">automationFramework.Exercise7</td><td><a href="#m0">insertDate</a></td><td rowspan="1">1467668551568</td><td rowspan="1">3</td></tr><tr class="failedeven"><td><a href="#m1">insertLocation</a></td><td rowspan="1">1467668551564</td><td rowspan="1">1</td></tr><tr class="failedeven"><td><a href="#m2">selectSubmit</a></td><td rowspan="1">1467668551574</td><td rowspan="1">1</td></tr><tr class="failedeven"><td><a href="#m3">verifyHomepage</a></td><td rowspan="1">1467668551541</td><td rowspan="1">18</td></tr><tr class="failedeven"><td><a href="#m4">verifyPricepage</a></td><td rowspan="1">1467668551578</td><td rowspan="1">5013</td></tr></tbody><tbody id="t1"><tr><th colspan="4">Chrome Test &#8212; failed (configuration methods)</th></tr><tr class="failedeven"><td rowspan="1">automationFramework.Exercise7</td><td><a href="#m5">openBrowser</a></td><td rowspan="1">1467668556629</td><td rowspan="1">0</td></tr><tr><th colspan="4">Chrome Test &#8212; skipped (configuration methods)</th></tr><tr class="skippedeven"><td rowspan="1">automationFramework.Exercise7</td><td><a href="#m6">finish</a></td><td rowspan="1">1467668556652</td><td rowspan="1">0</td></tr><tr><th colspan="4">Chrome Test &#8212; skipped</th></tr><tr class="skippedeven"><td rowspan="5">automationFramework.Exercise7</td><td><a href="#m7">insertDate</a></td><td rowspan="1">1467668556645</td><td rowspan="1">1</td></tr><tr class="skippedeven"><td><a href="#m8">insertLocation</a></td><td rowspan="1">1467668556642</td><td rowspan="1">2</td></tr><tr class="skippedeven"><td><a href="#m9">selectSubmit</a></td><td rowspan="1">1467668556647</td><td rowspan="1">1</td></tr><tr class="skippedeven"><td><a href="#m10">verifyHomepage</a></td><td rowspan="1">1467668556640</td><td rowspan="1">1</td></tr><tr class="skippedeven"><td><a href="#m11">verifyPricepage</a></td><td rowspan="1">1467668556649</td><td rowspan="1">1</td></tr></tbody><tbody id="t2"><tr><th colspan="4">safari Test &#8212; failed</th></tr><tr class="failedeven"><td rowspan="5">automationFramework.Exercise7</td><td><a href="#m12">insertDate</a></td><td rowspan="1">1467668557668</td><td rowspan="1">1</td></tr><tr class="failedeven"><td><a href="#m13">insertLocation</a></td><td rowspan="1">1467668557666</td><td rowspan="1">0</td></tr><tr class="failedeven"><td><a href="#m14">selectSubmit</a></td><td rowspan="1">1467668557671</td><td rowspan="1">1</td></tr><tr class="failedeven"><td><a href="#m15">verifyHomepage</a></td><td rowspan="1">1467668557644</td><td rowspan="1">20</td></tr><tr class="failedeven"><td><a href="#m16">verifyPricepage</a></td><td rowspan="1">1467668557673</td><td rowspan="1">5011</td></tr></tbody></table><h2>Firefox Test</h2><h3 id="m0">automationFramework.Exercise7#insertDate</h3><table class="result"><tr><th>Exception</th></tr><tr><td><div class="stacktrace">java.lang.NullPointerException
	at org.openqa.selenium.support.pagefactory.DefaultElementLocator.findElement(DefaultElementLocator.java:69)
	at org.openqa.selenium.support.pagefactory.internal.LocatingElementHandler.invoke(LocatingElementHandler.java:38)
	at com.sun.proxy.$Proxy8.isSelected(Unknown Source)
	at automationFramework.Exercise7.insertDate(Exercise7.java:80)
... Removed 24 stack frames</div></td></tr></table><p class="totop"><a href="#summary">back to summary</a></p><h3 id="m1">automationFramework.Exercise7#insertLocation</h3><table class="result"><tr><th>Exception</th></tr><tr><td><div class="stacktrace">java.lang.NullPointerException
	at org.openqa.selenium.support.pagefactory.DefaultElementLocator.findElement(DefaultElementLocator.java:69)
	at org.openqa.selenium.support.pagefactory.internal.LocatingElementHandler.invoke(LocatingElementHandler.java:38)
	at com.sun.proxy.$Proxy8.sendKeys(Unknown Source)
	at automationFramework.Exercise7.insertLocation(Exercise7.java:73)
... Removed 24 stack frames</div></td></tr></table><p class="totop"><a href="#summary">back to summary</a></p><h3 id="m2">automationFramework.Exercise7#selectSubmit</h3><table class="result"><tr><th>Exception</th></tr><tr><td><div class="stacktrace">java.lang.NullPointerException
	at org.openqa.selenium.support.pagefactory.DefaultElementLocator.findElement(DefaultElementLocator.java:69)
	at org.openqa.selenium.support.pagefactory.internal.LocatingElementHandler.invoke(LocatingElementHandler.java:38)
	at com.sun.proxy.$Proxy8.click(Unknown Source)
	at automationFramework.Exercise7.selectSubmit(Exercise7.java:92)
... Removed 24 stack frames</div></td></tr></table><p class="totop"><a href="#summary">back to summary</a></p><h3 id="m3">automationFramework.Exercise7#verifyHomepage</h3><table class="result"><tr><th>Exception</th></tr><tr><td><div class="stacktrace">java.lang.AssertionError: Page title is incorrect
	at org.junit.Assert.fail(Assert.java:88)
	at org.junit.Assert.assertTrue(Assert.java:41)
	at automationFramework.Exercise7.verifyHomepage(Exercise7.java:66)
... Removed 24 stack frames</div></td></tr></table><p class="totop"><a href="#summary">back to summary</a></p><h3 id="m4">automationFramework.Exercise7#verifyPricepage</h3><table class="result"><tr><th>Exception</th></tr><tr><td><div class="stacktrace">java.lang.AssertionError: Wrong page
	at org.junit.Assert.fail(Assert.java:88)
	at automationFramework.Exercise7.verifyPricepage(Exercise7.java:100)
... Removed 24 stack frames</div></td></tr></table><p class="totop"><a href="#summary">back to summary</a></p><h2>Chrome Test</h2><h3 id="m5">automationFramework.Exercise7#openBrowser</h3><table class="result"><tr class="param"><th>Parameter #1</th></tr><tr class="param stripe"><td>Chrome</td></tr><tr><th>Exception</th></tr><tr><td><div class="stacktrace">java.lang.IllegalStateException: The driver executable does not exist: /Users/ngoulongkam/Documents/workspace/crhomedriver
	at com.google.common.base.Preconditions.checkState(Preconditions.java:199)
	at org.openqa.selenium.remote.service.DriverService.checkExecutable(DriverService.java:121)
	at org.openqa.selenium.remote.service.DriverService.findExecutable(DriverService.java:116)
	at org.openqa.selenium.chrome.ChromeDriverService.access$0(ChromeDriverService.java:1)
	at org.openqa.selenium.chrome.ChromeDriverService$Builder.findDefaultExecutable(ChromeDriverService.java:137)
	at org.openqa.selenium.remote.service.DriverService$Builder.build(DriverService.java:296)
	at org.openqa.selenium.chrome.ChromeDriverService.createDefaultService(ChromeDriverService.java:88)
	at org.openqa.selenium.chrome.ChromeDriver.&lt;init&gt;(ChromeDriver.java:116)
	at automationFramework.Exercise7.openBrowser(Exercise7.java:38)
... Removed 22 stack frames</div></td></tr></table><p class="totop"><a href="#summary">back to summary</a></p><h3 id="m6">automationFramework.Exercise7#finish</h3><table class="result"></table><p class="totop"><a href="#summary">back to summary</a></p><h3 id="m7">automationFramework.Exercise7#insertDate</h3><table class="result"></table><p class="totop"><a href="#summary">back to summary</a></p><h3 id="m8">automationFramework.Exercise7#insertLocation</h3><table class="result"></table><p class="totop"><a href="#summary">back to summary</a></p><h3 id="m9">automationFramework.Exercise7#selectSubmit</h3><table class="result"></table><p class="totop"><a href="#summary">back to summary</a></p><h3 id="m10">automationFramework.Exercise7#verifyHomepage</h3><table class="result"></table><p class="totop"><a href="#summary">back to summary</a></p><h3 id="m11">automationFramework.Exercise7#verifyPricepage</h3><table class="result"></table><p class="totop"><a href="#summary">back to summary</a></p><h2>safari Test</h2><h3 id="m12">automationFramework.Exercise7#insertDate</h3><table class="result"><tr><th>Exception</th></tr><tr><td><div class="stacktrace">java.lang.NullPointerException
	at org.openqa.selenium.support.pagefactory.DefaultElementLocator.findElement(DefaultElementLocator.java:69)
	at org.openqa.selenium.support.pagefactory.internal.LocatingElementHandler.invoke(LocatingElementHandler.java:38)
	at com.sun.proxy.$Proxy8.isSelected(Unknown Source)
	at automationFramework.Exercise7.insertDate(Exercise7.java:80)
... Removed 24 stack frames</div></td></tr></table><p class="totop"><a href="#summary">back to summary</a></p><h3 id="m13">automationFramework.Exercise7#insertLocation</h3><table class="result"><tr><th>Exception</th></tr><tr><td><div class="stacktrace">java.lang.NullPointerException
	at org.openqa.selenium.support.pagefactory.DefaultElementLocator.findElement(DefaultElementLocator.java:69)
	at org.openqa.selenium.support.pagefactory.internal.LocatingElementHandler.invoke(LocatingElementHandler.java:38)
	at com.sun.proxy.$Proxy8.sendKeys(Unknown Source)
	at automationFramework.Exercise7.insertLocation(Exercise7.java:73)
... Removed 24 stack frames</div></td></tr></table><p class="totop"><a href="#summary">back to summary</a></p><h3 id="m14">automationFramework.Exercise7#selectSubmit</h3><table class="result"><tr><th>Exception</th></tr><tr><td><div class="stacktrace">java.lang.NullPointerException
	at org.openqa.selenium.support.pagefactory.DefaultElementLocator.findElement(DefaultElementLocator.java:69)
	at org.openqa.selenium.support.pagefactory.internal.LocatingElementHandler.invoke(LocatingElementHandler.java:38)
	at com.sun.proxy.$Proxy8.click(Unknown Source)
	at automationFramework.Exercise7.selectSubmit(Exercise7.java:92)
... Removed 24 stack frames</div></td></tr></table><p class="totop"><a href="#summary">back to summary</a></p><h3 id="m15">automationFramework.Exercise7#verifyHomepage</h3><table class="result"><tr><th>Exception</th></tr><tr><td><div class="stacktrace">java.lang.AssertionError: Page title is incorrect
	at org.junit.Assert.fail(Assert.java:88)
	at org.junit.Assert.assertTrue(Assert.java:41)
	at automationFramework.Exercise7.verifyHomepage(Exercise7.java:66)
... Removed 24 stack frames</div></td></tr></table><p class="totop"><a href="#summary">back to summary</a></p><h3 id="m16">automationFramework.Exercise7#verifyPricepage</h3><table class="result"><tr><th>Exception</th></tr><tr><td><div class="stacktrace">java.lang.AssertionError: Wrong page
	at org.junit.Assert.fail(Assert.java:88)
	at automationFramework.Exercise7.verifyPricepage(Exercise7.java:100)
... Removed 24 stack frames</div></td></tr></table><p class="totop"><a href="#summary">back to summary</a></p></body></html>