<?xml version="1.0" encoding="UTF-8"?>
<!-- Generated by org.testng.reporters.JUnitXMLReporter -->
<testsuite hostname="Ngous-Mac-mini.home" name="Default test" tests="5" failures="0" timestamp="4 Jul 2016 21:30:05 GMT" time="0.044" errors="0">
  <testcase name="@BeforeTest openBrowser" time="0.0" classname="automationFramework.Exercise7">
    <failure type="org.testng.TestNGException" message="
Parameter &amp;apos;browser&amp;apos; is required by @Configuration on method openBrowser but has not been marked @Optional or defined
in /private/var/folders/j5/s2nc22nx2ds63yft9m6gvxvm0000gn/T/testng-eclipse-858848682/testng-customsuite.xml">
      <![CDATA[org.testng.TestNGException: 
Parameter 'browser' is required by @Configuration on method openBrowser but has not been marked @Optional or defined
in /private/var/folders/j5/s2nc22nx2ds63yft9m6gvxvm0000gn/T/testng-eclipse-858848682/testng-customsuite.xml
	at org.testng.internal.Parameters.createParameters(Parameters.java:154)
	at org.testng.internal.Parameters.createParameters(Parameters.java:361)
	at org.testng.internal.Parameters.createConfigurationParameters(Parameters.java:84)
	at org.testng.internal.Invoker.invokeConfigurations(Invoker.java:197)
	at org.testng.internal.Invoker.invokeConfigurations(Invoker.java:138)
	at org.testng.TestRunner.beforeRun(TestRunner.java:648)
	at org.testng.TestRunner.run(TestRunner.java:616)
	at org.testng.SuiteRunner.runTest(SuiteRunner.java:359)
	at org.testng.SuiteRunner.runSequentially(SuiteRunner.java:354)
	at org.testng.SuiteRunner.privateRun(SuiteRunner.java:312)
	at org.testng.SuiteRunner.run(SuiteRunner.java:261)
	at org.testng.SuiteRunnerWorker.runSuite(SuiteRunnerWorker.java:52)
	at org.testng.SuiteRunnerWorker.run(SuiteRunnerWorker.java:86)
	at org.testng.TestNG.runSuitesSequentially(TestNG.java:1215)
	at org.testng.TestNG.runSuitesLocally(TestNG.java:1140)
	at org.testng.TestNG.run(TestNG.java:1048)
	at org.testng.remote.AbstractRemoteTestNG.run(AbstractRemoteTestNG.java:126)
	at org.testng.remote.RemoteTestNG.initAndRun(RemoteTestNG.java:137)
	at org.testng.remote.RemoteTestNG.main(RemoteTestNG.java:58)
]]>
    </failure>
  </testcase> <!-- @BeforeTest openBrowser -->
  <testcase name="@AfterTest finish" time="0.0" classname="automationFramework.Exercise7">
    <skipped/>
  </testcase> <!-- @AfterTest finish -->
  <testcase name="verifyHomepage" time="0.008" classname="automationFramework.Exercise7">
    <skipped/>
  </testcase> <!-- verifyHomepage -->
  <testcase name="insertLocation" time="0.001" classname="automationFramework.Exercise7">
    <skipped/>
  </testcase> <!-- insertLocation -->
  <testcase name="insertDate" time="0.001" classname="automationFramework.Exercise7">
    <skipped/>
  </testcase> <!-- insertDate -->
  <testcase name="selectSubmit" time="0.0" classname="automationFramework.Exercise7">
    <skipped/>
  </testcase> <!-- selectSubmit -->
  <testcase name="verifyPricepage" time="0.001" classname="automationFramework.Exercise7">
    <skipped/>
  </testcase> <!-- verifyPricepage -->
</testsuite> <!-- Default test -->
